<?xml version="1.0" encoding="UTF-8"?>
<!-- Generated by org.testng.reporters.JUnitReportReporter -->
<testsuite skipped="0" hostname="LAPTOP-ORI8JR52" name="com.w2a.CucucmberPageObjectModel.runner.RunCukes" tests="1" failures="0" timestamp="2020-04-30T18:48:01 IST" time="20.348" errors="0">
  <testcase name="parallelRun" time="20.348" classname="com.w2a.CucucmberPageObjectModel.runner.RunCukes"/>
</testsuite> <!-- com.w2a.CucucmberPageObjectModel.runner.RunCukes -->
